[debug] [2019-11-29T03:12:15.323Z] ----------------------------------------------------------------------
[debug] [2019-11-29T03:12:15.330Z] Command:       C:\Program Files\nodejs\node.exe C:\Users\wilfredojose\AppData\Roaming\npm\node_modules\firebase-tools\lib\bin\firebase.js init
[debug] [2019-11-29T03:12:15.331Z] CLI Version:   7.7.0
[debug] [2019-11-29T03:12:15.331Z] Platform:      win32
[debug] [2019-11-29T03:12:15.331Z] Node Version:  v10.16.3
[debug] [2019-11-29T03:12:15.339Z] Time:          Thu Nov 28 2019 23:12:15 GMT-0400 (Venezuela Time)
[debug] [2019-11-29T03:12:15.339Z] ----------------------------------------------------------------------
[debug] [2019-11-29T03:12:15.339Z] 
[warn] !  JSON error trying to load C:\Users\wilfredojose\Documents\Venezuela-Travel\.firebaserc
[debug] [2019-11-29T03:12:15.408Z] > command requires scopes: ["email","openid","https://www.googleapis.com/auth/cloudplatformprojects.readonly","https://www.googleapis.com/auth/firebase","https://www.googleapis.com/auth/cloud-platform"]
[debug] [2019-11-29T03:12:15.410Z] > authorizing via signed-in user
[info] 
     ######## #### ########  ######## ########     ###     ######  ########
     ##        ##  ##     ## ##       ##     ##  ##   ##  ##       ##
     ######    ##  ########  ######   ########  #########  ######  ######
     ##        ##  ##    ##  ##       ##     ## ##     ##       ## ##
     ##       #### ##     ## ######## ########  ##     ##  ######  ########

You're about to initialize a Firebase project in this directory:

  C:\Users\wilfredojose\Documents\Venezuela-Travel

Before we get started, keep in mind:

  * You are initializing in an existing Firebase project directory

[info] 
=== Project Setup
[info] 
[info] First, let's associate this project directory with a Firebase project.
[info] You can create multiple project aliases by running firebase use --add, 
[info] but for now we'll just set up a default project.
[info] 
[debug] [2019-11-29T03:12:42.405Z] >>> HTTP REQUEST GET https://firebase.googleapis.com/v1beta1/projects/alias  
 
[debug] [2019-11-29T03:12:43.635Z] <<< HTTP RESPONSE 403
[debug] [2019-11-29T03:12:43.635Z] <<< HTTP RESPONSE BODY
[debug] [2019-11-29T03:12:43.646Z] HTTP Error: 403, The caller does not have permission
[debug] [2019-11-29T03:12:44.226Z] FirebaseError: HTTP Error: 403, The caller does not have permission
    at module.exports (C:\Users\wilfredojose\AppData\Roaming\npm\node_modules\firebase-tools\lib\responseToError.js:38:12)
    at Request._callback (C:\Users\wilfredojose\AppData\Roaming\npm\node_modules\firebase-tools\lib\api.js:39:35)
    at Request.self.callback (C:\Users\wilfredojose\AppData\Roaming\npm\node_modules\firebase-tools\node_modules\request\request.js:185:22)
    at Request.emit (events.js:198:13)
    at Request.EventEmitter.emit (domain.js:448:20)
    at Request.<anonymous> (C:\Users\wilfredojose\AppData\Roaming\npm\node_modules\firebase-tools\node_modules\request\request.js:1161:10)
    at Request.emit (events.js:198:13)
    at Request.EventEmitter.emit (domain.js:448:20)
    at IncomingMessage.<anonymous> (C:\Users\wilfredojose\AppData\Roaming\npm\node_modules\firebase-tools\node_modules\request\request.js:1083:12)
    at Object.onceWrapper (events.js:286:20)
[error] 
[error] Error: Failed to get Firebase project alias. Please make sure the project exists and your account has permission to access it.
